This is pdfTeX, Version 3.141592653-2.6-1.40.24 (TeX Live 2022) (preloaded format=pdflatex 2022.5.27)  19 JAN 2023 00:39
entering extended mode
 restricted \write18 enabled.
 %&-line parsing enabled.
**CustomerSegmentation.tex
(./CustomerSegmentation.tex
LaTeX2e <2021-11-15> patch level 1
L3 programming layer <2022-05-04>
(d:/SoftWareTools/Office/TeX Live/texlive/2022/texmf-dist/tex/latex/base/articl
e.cls
Document Class: article 2021/10/04 v1.4n Standard LaTeX document class

(d:/SoftWareTools/Office/TeX Live/texlive/2022/texmf-dist/tex/latex/base/size10
.clo
File: size10.clo 2021/10/04 v1.4n Standard LaTeX file (size option)
)
\c@part=\count185
\c@section=\count186
\c@subsection=\count187
\c@subsubsection=\count188
\c@paragraph=\count189
\c@subparagraph=\count190
\c@figure=\count191
\c@table=\count192
\abovecaptionskip=\skip47
\belowcaptionskip=\skip48
\bibindent=\dimen138
)
(d:/SoftWareTools/Office/TeX Live/texlive/2022/texmf-dist/tex/latex/amsmath/ams
math.sty
Package: amsmath 2022/04/08 v2.17n AMS math features
\@mathmargin=\skip49
For additional information on amsmath, use the `?' option.

(d:/SoftWareTools/Office/TeX Live/texlive/2022/texmf-dist/tex/latex/amsmath/ams
text.sty
Package: amstext 2021/08/26 v2.01 AMS text

(d:/SoftWareTools/Office/TeX Live/texlive/2022/texmf-dist/tex/latex/amsmath/ams
gen.sty
File: amsgen.sty 1999/11/30 v2.0 generic functions
\@emptytoks=\toks16
\ex@=\dimen139
))
(d:/SoftWareTools/Office/TeX Live/texlive/2022/texmf-dist/tex/latex/amsmath/ams
bsy.sty
Package: amsbsy 1999/11/29 v1.2d Bold Symbols
\pmbraise@=\dimen140
)
(d:/SoftWareTools/Office/TeX Live/texlive/2022/texmf-dist/tex/latex/amsmath/ams
opn.sty
Package: amsopn 2022/04/08 v2.04 operator names
)
\inf@bad=\count193
LaTeX Info: Redefining \frac on input line 234.
\uproot@=\count194
\leftroot@=\count195
LaTeX Info: Redefining \overline on input line 399.
LaTeX Info: Redefining \colon on input line 410.
\classnum@=\count196
\DOTSCASE@=\count197
LaTeX Info: Redefining \ldots on input line 496.
LaTeX Info: Redefining \dots on input line 499.
LaTeX Info: Redefining \cdots on input line 620.
\Mathstrutbox@=\box50
\strutbox@=\box51
LaTeX Info: Redefining \big on input line 722.
LaTeX Info: Redefining \Big on input line 723.
LaTeX Info: Redefining \bigg on input line 724.
LaTeX Info: Redefining \Bigg on input line 725.
\big@size=\dimen141
LaTeX Font Info:    Redeclaring font encoding OML on input line 743.
LaTeX Font Info:    Redeclaring font encoding OMS on input line 744.
\macc@depth=\count198
LaTeX Info: Redefining \bmod on input line 905.
LaTeX Info: Redefining \pmod on input line 910.
LaTeX Info: Redefining \smash on input line 940.
LaTeX Info: Redefining \relbar on input line 970.
LaTeX Info: Redefining \Relbar on input line 971.
\c@MaxMatrixCols=\count199
\dotsspace@=\muskip16
\c@parentequation=\count266
\dspbrk@lvl=\count267
\tag@help=\toks17
\row@=\count268
\column@=\count269
\maxfields@=\count270
\andhelp@=\toks18
\eqnshift@=\dimen142
\alignsep@=\dimen143
\tagshift@=\dimen144
\tagwidth@=\dimen145
\totwidth@=\dimen146
\lineht@=\dimen147
\@envbody=\toks19
\multlinegap=\skip50
\multlinetaggap=\skip51
\mathdisplay@stack=\toks20
LaTeX Info: Redefining \[ on input line 2953.
LaTeX Info: Redefining \] on input line 2954.
)
(d:/SoftWareTools/Office/TeX Live/texlive/2022/texmf-dist/tex/latex/amsfonts/am
ssymb.sty
Package: amssymb 2013/01/14 v3.01 AMS font symbols

(d:/SoftWareTools/Office/TeX Live/texlive/2022/texmf-dist/tex/latex/amsfonts/am
sfonts.sty
Package: amsfonts 2013/01/14 v3.01 Basic AMSFonts support
\symAMSa=\mathgroup4
\symAMSb=\mathgroup5
LaTeX Font Info:    Redeclaring math symbol \hbar on input line 98.
LaTeX Font Info:    Overwriting math alphabet `\mathfrak' in version `bold'
(Font)                  U/euf/m/n --> U/euf/b/n on input line 106.
))
(d:/SoftWareTools/Office/TeX Live/texlive/2022/texmf-dist/tex/latex/lm/lmodern.
sty
Package: lmodern 2015/05/01 v1.6.1 Latin Modern Fonts
LaTeX Font Info:    Overwriting symbol font `operators' in version `normal'
(Font)                  OT1/cmr/m/n --> OT1/lmr/m/n on input line 22.
LaTeX Font Info:    Overwriting symbol font `letters' in version `normal'
(Font)                  OML/cmm/m/it --> OML/lmm/m/it on input line 23.
LaTeX Font Info:    Overwriting symbol font `symbols' in version `normal'
(Font)                  OMS/cmsy/m/n --> OMS/lmsy/m/n on input line 24.
LaTeX Font Info:    Overwriting symbol font `largesymbols' in version `normal'
(Font)                  OMX/cmex/m/n --> OMX/lmex/m/n on input line 25.
LaTeX Font Info:    Overwriting symbol font `operators' in version `bold'
(Font)                  OT1/cmr/bx/n --> OT1/lmr/bx/n on input line 26.
LaTeX Font Info:    Overwriting symbol font `letters' in version `bold'
(Font)                  OML/cmm/b/it --> OML/lmm/b/it on input line 27.
LaTeX Font Info:    Overwriting symbol font `symbols' in version `bold'
(Font)                  OMS/cmsy/b/n --> OMS/lmsy/b/n on input line 28.
LaTeX Font Info:    Overwriting symbol font `largesymbols' in version `bold'
(Font)                  OMX/cmex/m/n --> OMX/lmex/m/n on input line 29.
LaTeX Font Info:    Overwriting math alphabet `\mathbf' in version `normal'
(Font)                  OT1/cmr/bx/n --> OT1/lmr/bx/n on input line 31.
LaTeX Font Info:    Overwriting math alphabet `\mathsf' in version `normal'
(Font)                  OT1/cmss/m/n --> OT1/lmss/m/n on input line 32.
LaTeX Font Info:    Overwriting math alphabet `\mathit' in version `normal'
(Font)                  OT1/cmr/m/it --> OT1/lmr/m/it on input line 33.
LaTeX Font Info:    Overwriting math alphabet `\mathtt' in version `normal'
(Font)                  OT1/cmtt/m/n --> OT1/lmtt/m/n on input line 34.
LaTeX Font Info:    Overwriting math alphabet `\mathbf' in version `bold'
(Font)                  OT1/cmr/bx/n --> OT1/lmr/bx/n on input line 35.
LaTeX Font Info:    Overwriting math alphabet `\mathsf' in version `bold'
(Font)                  OT1/cmss/bx/n --> OT1/lmss/bx/n on input line 36.
LaTeX Font Info:    Overwriting math alphabet `\mathit' in version `bold'
(Font)                  OT1/cmr/bx/it --> OT1/lmr/bx/it on input line 37.
LaTeX Font Info:    Overwriting math alphabet `\mathtt' in version `bold'
(Font)                  OT1/cmtt/m/n --> OT1/lmtt/m/n on input line 38.
)
(d:/SoftWareTools/Office/TeX Live/texlive/2022/texmf-dist/tex/generic/iftex/ift
ex.sty
Package: iftex 2022/02/03 v1.0f TeX engine tests
)
(d:/SoftWareTools/Office/TeX Live/texlive/2022/texmf-dist/tex/latex/base/fonten
c.sty
Package: fontenc 2021/04/29 v2.0v Standard LaTeX package
LaTeX Font Info:    Trying to load font information for T1+lmr on input line 11
2.

(d:/SoftWareTools/Office/TeX Live/texlive/2022/texmf-dist/tex/latex/lm/t1lmr.fd
File: t1lmr.fd 2015/05/01 v1.6.1 Font defs for Latin Modern
))
(d:/SoftWareTools/Office/TeX Live/texlive/2022/texmf-dist/tex/latex/base/inpute
nc.sty
Package: inputenc 2021/02/14 v1.3d Input encoding file
\inpenc@prehook=\toks21
\inpenc@posthook=\toks22
)
(d:/SoftWareTools/Office/TeX Live/texlive/2022/texmf-dist/tex/latex/base/textco
mp.sty
Package: textcomp 2020/02/02 v2.0n Standard LaTeX package
)
(d:/SoftWareTools/Office/TeX Live/texlive/2022/texmf-dist/tex/latex/upquote/upq
uote.sty
Package: upquote 2012/04/19 v1.3 upright-quote and grave-accent glyphs in verba
tim
)
(d:/SoftWareTools/Office/TeX Live/texlive/2022/texmf-dist/tex/latex/microtype/m
icrotype.sty
Package: microtype 2022/03/14 v3.0d Micro-typographical refinements (RS)

(d:/SoftWareTools/Office/TeX Live/texlive/2022/texmf-dist/tex/latex/graphics/ke
yval.sty
Package: keyval 2022/05/29 v1.15 key=value parser (DPC)
\KV@toks@=\toks23
)
(d:/SoftWareTools/Office/TeX Live/texlive/2022/texmf-dist/tex/latex/etoolbox/et
oolbox.sty
Package: etoolbox 2020/10/05 v2.5k e-TeX tools for LaTeX (JAW)
\etb@tempcnta=\count271
)
\MT@toks=\toks24
\MT@tempbox=\box52
\MT@count=\count272
LaTeX Info: Redefining \noprotrusionifhmode on input line 1027.
LaTeX Info: Redefining \leftprotrusion on input line 1028.
LaTeX Info: Redefining \rightprotrusion on input line 1036.
LaTeX Info: Redefining \textls on input line 1195.
\MT@outer@kern=\dimen148
LaTeX Info: Redefining \textmicrotypecontext on input line 1781.
\MT@listname@count=\count273

(d:/SoftWareTools/Office/TeX Live/texlive/2022/texmf-dist/tex/latex/microtype/m
icrotype-pdftex.def
File: microtype-pdftex.def 2022/03/14 v3.0d Definitions specific to pdftex (RS)

LaTeX Info: Redefining \lsstyle on input line 900.
LaTeX Info: Redefining \lslig on input line 900.
\MT@outer@space=\skip52
)
Package microtype Info: Loading configuration file microtype.cfg.

(d:/SoftWareTools/Office/TeX Live/texlive/2022/texmf-dist/tex/latex/microtype/m
icrotype.cfg
File: microtype.cfg 2022/03/14 v3.0d microtype main configuration file (RS)
))
(d:/SoftWareTools/Office/TeX Live/texlive/2022/texmf-dist/tex/latex/parskip/par
skip.sty
Package: parskip 2021-03-14 v2.0h non-zero parskip adjustments

(d:/SoftWareTools/Office/TeX Live/texlive/2022/texmf-dist/tex/latex/kvoptions/k
voptions.sty
Package: kvoptions 2020-10-07 v3.14 Key value format for package options (HO)

(d:/SoftWareTools/Office/TeX Live/texlive/2022/texmf-dist/tex/generic/ltxcmds/l
txcmds.sty
Package: ltxcmds 2020-05-10 v1.25 LaTeX kernel commands for general use (HO)
)
(d:/SoftWareTools/Office/TeX Live/texlive/2022/texmf-dist/tex/generic/kvsetkeys
/kvsetkeys.sty
Package: kvsetkeys 2019/12/15 v1.18 Key value parser (HO)
)))
(d:/SoftWareTools/Office/TeX Live/texlive/2022/texmf-dist/tex/latex/xcolor/xcol
or.sty
Package: xcolor 2021/10/31 v2.13 LaTeX color extensions (UK)

(d:/SoftWareTools/Office/TeX Live/texlive/2022/texmf-dist/tex/latex/graphics-cf
g/color.cfg
File: color.cfg 2016/01/02 v1.6 sample color configuration
)
Package xcolor Info: Driver file: pdftex.def on input line 227.

(d:/SoftWareTools/Office/TeX Live/texlive/2022/texmf-dist/tex/latex/graphics-de
f/pdftex.def
File: pdftex.def 2022/09/22 v1.2b Graphics/color driver for pdftex
\stockwidth=\dimen149
\stockheight=\dimen150
)
Package xcolor Info: Model `cmy' substituted by `cmy0' on input line 1352.
Package xcolor Info: Model `hsb' substituted by `rgb' on input line 1356.
Package xcolor Info: Model `RGB' extended on input line 1368.
Package xcolor Info: Model `HTML' substituted by `rgb' on input line 1370.
Package xcolor Info: Model `Hsb' substituted by `hsb' on input line 1371.
Package xcolor Info: Model `tHsb' substituted by `hsb' on input line 1372.
Package xcolor Info: Model `HSB' substituted by `hsb' on input line 1373.
Package xcolor Info: Model `Gray' substituted by `gray' on input line 1374.
Package xcolor Info: Model `wave' substituted by `hsb' on input line 1375.
)
(d:/SoftWareTools/Office/TeX Live/texlive/2022/texmf-dist/tex/latex/xurl/xurl.s
ty
Package: xurl 2022/01/09 v 0.10 modify URL breaks

(d:/SoftWareTools/Office/TeX Live/texlive/2022/texmf-dist/tex/latex/url/url.sty
\Urlmuskip=\muskip17
Package: url 2013/09/16  ver 3.4  Verb mode for urls, etc.
))
(d:/SoftWareTools/Office/TeX Live/texlive/2022/texmf-dist/tex/latex/bookmark/bo
okmark.sty
Package: bookmark 2020-11-06 v1.29 PDF bookmarks (HO)

(d:/SoftWareTools/Office/TeX Live/texlive/2022/texmf-dist/tex/latex/hyperref/hy
perref.sty
Package: hyperref 2022-09-22 v7.00t Hypertext links for LaTeX

(d:/SoftWareTools/Office/TeX Live/texlive/2022/texmf-dist/tex/generic/pdftexcmd
s/pdftexcmds.sty
Package: pdftexcmds 2020-06-27 v0.33 Utility functions of pdfTeX for LuaTeX (HO
)

(d:/SoftWareTools/Office/TeX Live/texlive/2022/texmf-dist/tex/generic/infwarerr
/infwarerr.sty
Package: infwarerr 2019/12/03 v1.5 Providing info/warning/error messages (HO)
)
Package pdftexcmds Info: \pdf@primitive is available.
Package pdftexcmds Info: \pdf@ifprimitive is available.
Package pdftexcmds Info: \pdfdraftmode found.
)
(d:/SoftWareTools/Office/TeX Live/texlive/2022/texmf-dist/tex/generic/kvdefinek
eys/kvdefinekeys.sty
Package: kvdefinekeys 2019-12-19 v1.6 Define keys (HO)
)
(d:/SoftWareTools/Office/TeX Live/texlive/2022/texmf-dist/tex/generic/pdfescape
/pdfescape.sty
Package: pdfescape 2019/12/09 v1.15 Implements pdfTeX's escape features (HO)
)
(d:/SoftWareTools/Office/TeX Live/texlive/2022/texmf-dist/tex/latex/hycolor/hyc
olor.sty
Package: hycolor 2020-01-27 v1.10 Color options for hyperref/bookmark (HO)
)
(d:/SoftWareTools/Office/TeX Live/texlive/2022/texmf-dist/tex/latex/letltxmacro
/letltxmacro.sty
Package: letltxmacro 2019/12/03 v1.6 Let assignment for LaTeX macros (HO)
)
(d:/SoftWareTools/Office/TeX Live/texlive/2022/texmf-dist/tex/latex/auxhook/aux
hook.sty
Package: auxhook 2019-12-17 v1.6 Hooks for auxiliary files (HO)
)
(d:/SoftWareTools/Office/TeX Live/texlive/2022/texmf-dist/tex/latex/hyperref/na
meref.sty
Package: nameref 2022-05-17 v2.50 Cross-referencing by name of section

(d:/SoftWareTools/Office/TeX Live/texlive/2022/texmf-dist/tex/latex/refcount/re
fcount.sty
Package: refcount 2019/12/15 v3.6 Data extraction from label references (HO)
)
(d:/SoftWareTools/Office/TeX Live/texlive/2022/texmf-dist/tex/generic/gettitles
tring/gettitlestring.sty
Package: gettitlestring 2019/12/15 v1.6 Cleanup title references (HO)
)
\c@section@level=\count274
)
\@linkdim=\dimen151
\Hy@linkcounter=\count275
\Hy@pagecounter=\count276

(d:/SoftWareTools/Office/TeX Live/texlive/2022/texmf-dist/tex/latex/hyperref/pd
1enc.def
File: pd1enc.def 2022-09-22 v7.00t Hyperref: PDFDocEncoding definition (HO)
Now handling font encoding PD1 ...
... no UTF-8 mapping file for font encoding PD1
)
(d:/SoftWareTools/Office/TeX Live/texlive/2022/texmf-dist/tex/generic/intcalc/i
ntcalc.sty
Package: intcalc 2019/12/15 v1.3 Expandable calculations with integers (HO)
)
(d:/SoftWareTools/Office/TeX Live/texlive/2022/texmf-dist/tex/generic/etexcmds/
etexcmds.sty
Package: etexcmds 2019/12/15 v1.7 Avoid name clashes with e-TeX commands (HO)
)
\Hy@SavedSpaceFactor=\count277

(d:/SoftWareTools/Office/TeX Live/texlive/2022/texmf-dist/tex/latex/hyperref/pu
enc.def
File: puenc.def 2022-09-22 v7.00t Hyperref: PDF Unicode definition (HO)
Now handling font encoding PU ...
... no UTF-8 mapping file for font encoding PU
)
Package hyperref Info: Option `unicode' set `true' on input line 4045.
Package hyperref Info: Hyper figures OFF on input line 4162.
Package hyperref Info: Link nesting OFF on input line 4167.
Package hyperref Info: Hyper index ON on input line 4170.
Package hyperref Info: Plain pages OFF on input line 4177.
Package hyperref Info: Backreferencing OFF on input line 4182.
Package hyperref Info: Implicit mode ON; LaTeX internals redefined.
Package hyperref Info: Bookmarks ON on input line 4410.
\c@Hy@tempcnt=\count278
LaTeX Info: Redefining \url on input line 4748.
\XeTeXLinkMargin=\dimen152

(d:/SoftWareTools/Office/TeX Live/texlive/2022/texmf-dist/tex/generic/bitset/bi
tset.sty
Package: bitset 2019/12/09 v1.3 Handle bit-vector datatype (HO)

(d:/SoftWareTools/Office/TeX Live/texlive/2022/texmf-dist/tex/generic/bigintcal
c/bigintcalc.sty
Package: bigintcalc 2019/12/15 v1.5 Expandable calculations on big integers (HO
)
))
\Fld@menulength=\count279
\Field@Width=\dimen153
\Fld@charsize=\dimen154
Package hyperref Info: Hyper figures OFF on input line 6027.
Package hyperref Info: Link nesting OFF on input line 6032.
Package hyperref Info: Hyper index ON on input line 6035.
Package hyperref Info: backreferencing OFF on input line 6042.
Package hyperref Info: Link coloring OFF on input line 6047.
Package hyperref Info: Link coloring with OCG OFF on input line 6052.
Package hyperref Info: PDF/A mode OFF on input line 6057.
LaTeX Info: Redefining \ref on input line 6104.
LaTeX Info: Redefining \pageref on input line 6104.

(d:/SoftWareTools/Office/TeX Live/texlive/2022/texmf-dist/tex/latex/base/atbegs
hi-ltx.sty
Package: atbegshi-ltx 2021/01/10 v1.0c Emulation of the original atbegshi
package with kernel methods
)
\Hy@abspage=\count280
\c@Item=\count281
\c@Hfootnote=\count282
)
Package hyperref Info: Driver (autodetected): hpdftex.

(d:/SoftWareTools/Office/TeX Live/texlive/2022/texmf-dist/tex/latex/hyperref/hp
dftex.def
File: hpdftex.def 2022-09-22 v7.00t Hyperref driver for pdfTeX

(d:/SoftWareTools/Office/TeX Live/texlive/2022/texmf-dist/tex/latex/base/atvery
end-ltx.sty
Package: atveryend-ltx 2020/08/19 v1.0a Emulation of the original atveryend pac
kage
with kernel methods
)
\Fld@listcount=\count283
\c@bookmark@seq@number=\count284

(d:/SoftWareTools/Office/TeX Live/texlive/2022/texmf-dist/tex/latex/rerunfilech
eck/rerunfilecheck.sty
Package: rerunfilecheck 2019/12/05 v1.9 Rerun checks for auxiliary files (HO)

(d:/SoftWareTools/Office/TeX Live/texlive/2022/texmf-dist/tex/generic/uniquecou
nter/uniquecounter.sty
Package: uniquecounter 2019/12/15 v1.4 Provide unlimited unique counter (HO)
)
Package uniquecounter Info: New unique counter `rerunfilecheck' on input line 2
86.
)
\Hy@SectionHShift=\skip53
)
(d:/SoftWareTools/Office/TeX Live/texlive/2022/texmf-dist/tex/latex/bookmark/bk
m-pdftex.def
File: bkm-pdftex.def 2020-11-06 v1.29 bookmark driver for pdfTeX (HO)
\BKM@id=\count285
))
(d:/SoftWareTools/Office/TeX Live/texlive/2022/texmf-dist/tex/latex/geometry/ge
ometry.sty
Package: geometry 2020/01/02 v5.9 Page Geometry

(d:/SoftWareTools/Office/TeX Live/texlive/2022/texmf-dist/tex/generic/iftex/ifv
tex.sty
Package: ifvtex 2019/10/25 v1.7 ifvtex legacy package. Use iftex instead.
)
\Gm@cnth=\count286
\Gm@cntv=\count287
\c@Gm@tempcnt=\count288
\Gm@bindingoffset=\dimen155
\Gm@wd@mp=\dimen156
\Gm@odd@mp=\dimen157
\Gm@even@mp=\dimen158
\Gm@layoutwidth=\dimen159
\Gm@layoutheight=\dimen160
\Gm@layouthoffset=\dimen161
\Gm@layoutvoffset=\dimen162
\Gm@dimlist=\toks25
)
(d:/SoftWareTools/Office/TeX Live/texlive/2022/texmf-dist/tex/latex/fancyvrb/fa
ncyvrb.sty
Package: fancyvrb 2022/06/06 4.5 verbatim text (tvz,hv)
\FV@CodeLineNo=\count289
\FV@InFile=\read2
\FV@TabBox=\box53
\c@FancyVerbLine=\count290
\FV@StepNumber=\count291
\FV@OutFile=\write3
)
(d:/SoftWareTools/Office/TeX Live/texlive/2022/texmf-dist/tex/latex/framed/fram
ed.sty
Package: framed 2011/10/22 v 0.96: framed or shaded text with page breaks
\OuterFrameSep=\skip54
\fb@frw=\dimen163
\fb@frh=\dimen164
\FrameRule=\dimen165
\FrameSep=\dimen166
)
(d:/SoftWareTools/Office/TeX Live/texlive/2022/texmf-dist/tex/latex/graphics/gr
aphicx.sty
Package: graphicx 2021/09/16 v1.2d Enhanced LaTeX Graphics (DPC,SPQR)

(d:/SoftWareTools/Office/TeX Live/texlive/2022/texmf-dist/tex/latex/graphics/gr
aphics.sty
Package: graphics 2022/03/10 v1.4e Standard LaTeX Graphics (DPC,SPQR)

(d:/SoftWareTools/Office/TeX Live/texlive/2022/texmf-dist/tex/latex/graphics/tr
ig.sty
Package: trig 2021/08/11 v1.11 sin cos tan (DPC)
)
(d:/SoftWareTools/Office/TeX Live/texlive/2022/texmf-dist/tex/latex/graphics-cf
g/graphics.cfg
File: graphics.cfg 2016/06/04 v1.11 sample graphics configuration
)
Package graphics Info: Driver file: pdftex.def on input line 107.
)
\Gin@req@height=\dimen167
\Gin@req@width=\dimen168
)
(d:/SoftWareTools/Office/TeX Live/texlive/2022/texmf-dist/tex/latex/l3backend/l
3backend-pdftex.def
File: l3backend-pdftex.def 2022-04-20 L3 backend support: PDF output (pdfTeX)
\l__color_backend_stack_int=\count292
\l__pdf_internal_box=\box54
) (./CustomerSegmentation.aux)
\openout1 = `CustomerSegmentation.aux'.

LaTeX Font Info:    Checking defaults for OML/cmm/m/it on input line 110.
LaTeX Font Info:    ... okay on input line 110.
LaTeX Font Info:    Checking defaults for OMS/cmsy/m/n on input line 110.
LaTeX Font Info:    ... okay on input line 110.
LaTeX Font Info:    Checking defaults for OT1/cmr/m/n on input line 110.
LaTeX Font Info:    ... okay on input line 110.
LaTeX Font Info:    Checking defaults for T1/cmr/m/n on input line 110.
LaTeX Font Info:    ... okay on input line 110.
LaTeX Font Info:    Checking defaults for TS1/cmr/m/n on input line 110.
LaTeX Font Info:    ... okay on input line 110.
LaTeX Font Info:    Checking defaults for OMX/cmex/m/n on input line 110.
LaTeX Font Info:    ... okay on input line 110.
LaTeX Font Info:    Checking defaults for U/cmr/m/n on input line 110.
LaTeX Font Info:    ... okay on input line 110.
LaTeX Font Info:    Checking defaults for PD1/pdf/m/n on input line 110.
LaTeX Font Info:    ... okay on input line 110.
LaTeX Font Info:    Checking defaults for PU/pdf/m/n on input line 110.
LaTeX Font Info:    ... okay on input line 110.
LaTeX Info: Redefining \microtypecontext on input line 110.
Package microtype Info: Applying patch `item' on input line 110.
Package microtype Info: Applying patch `toc' on input line 110.

Package microtype Warning: Unable to apply patch `eqnum' on input line 110.

Package microtype Info: Applying patch `footnote' on input line 110.
Package microtype Info: Generating PDF output.
Package microtype Info: Character protrusion enabled (level 2).
Package microtype Info: Using protrusion set `basicmath'.
Package microtype Info: Automatic font expansion enabled (level 2),
(microtype)             stretch: 20, shrink: 20, step: 1, non-selected.
Package microtype Info: Using default expansion set `alltext-nott'.
LaTeX Info: Redefining \showhyphens on input line 110.
Package microtype Info: No adjustment of tracking.
Package microtype Info: No adjustment of interword spacing.
Package microtype Info: No adjustment of character kerning.

(d:/SoftWareTools/Office/TeX Live/texlive/2022/texmf-dist/tex/latex/microtype/m
t-cmr.cfg
File: mt-cmr.cfg 2013/05/19 v2.2 microtype config. file: Computer Modern Roman 
(RS)
)
(d:/SoftWareTools/Office/TeX Live/texlive/2022/texmf-dist/tex/context/base/mkii
/supp-pdf.mkii
[Loading MPS to PDF converter (version 2006.09.02).]
\scratchcounter=\count293
\scratchdimen=\dimen169
\scratchbox=\box55
\nofMPsegments=\count294
\nofMParguments=\count295
\everyMPshowfont=\toks26
\MPscratchCnt=\count296
\MPscratchDim=\dimen170
\MPnumerator=\count297
\makeMPintoPDFobject=\count298
\everyMPtoPDFconversion=\toks27
)
(d:/SoftWareTools/Office/TeX Live/texlive/2022/texmf-dist/tex/latex/epstopdf-pk
g/epstopdf-base.sty
Package: epstopdf-base 2020-01-24 v2.11 Base part for package epstopdf
Package epstopdf-base Info: Redefining graphics rule for `.eps' on input line 4
85.

(d:/SoftWareTools/Office/TeX Live/texlive/2022/texmf-dist/tex/latex/latexconfig
/epstopdf-sys.cfg
File: epstopdf-sys.cfg 2010/07/13 v1.3 Configuration of (r)epstopdf for TeX Liv
e
))
Package hyperref Info: Link coloring OFF on input line 110.
*geometry* driver: auto-detecting
*geometry* detected driver: pdftex
*geometry* verbose mode - [ preamble ] result:
* driver: pdftex
* paper: <default>
* layout: <same size as paper>
* layoutoffset:(h,v)=(0.0pt,0.0pt)
* modes: 
* h-part:(L,W,R)=(72.26999pt, 469.75502pt, 72.26999pt)
* v-part:(T,H,B)=(72.26999pt, 650.43001pt, 72.26999pt)
* \paperwidth=614.295pt
* \paperheight=794.96999pt
* \textwidth=469.75502pt
* \textheight=650.43001pt
* \oddsidemargin=0.0pt
* \evensidemargin=0.0pt
* \topmargin=-37.0pt
* \headheight=12.0pt
* \headsep=25.0pt
* \topskip=10.0pt
* \footskip=30.0pt
* \marginparwidth=65.0pt
* \marginparsep=11.0pt
* \columnsep=10.0pt
* \skip\footins=9.0pt plus 4.0pt minus 2.0pt
* \hoffset=0.0pt
* \voffset=0.0pt
* \mag=1000
* \@twocolumnfalse
* \@twosidefalse
* \@mparswitchfalse
* \@reversemarginfalse
* (1in=72.27pt=25.4mm, 1cm=28.453pt)

LaTeX Font Info:    Trying to load font information for OT1+lmr on input line 1
12.

(d:/SoftWareTools/Office/TeX Live/texlive/2022/texmf-dist/tex/latex/lm/ot1lmr.f
d
File: ot1lmr.fd 2015/05/01 v1.6.1 Font defs for Latin Modern
)
LaTeX Font Info:    Trying to load font information for OML+lmm on input line 1
12.

(d:/SoftWareTools/Office/TeX Live/texlive/2022/texmf-dist/tex/latex/lm/omllmm.f
d
File: omllmm.fd 2015/05/01 v1.6.1 Font defs for Latin Modern
)
LaTeX Font Info:    Trying to load font information for OMS+lmsy on input line 
112.

(d:/SoftWareTools/Office/TeX Live/texlive/2022/texmf-dist/tex/latex/lm/omslmsy.
fd
File: omslmsy.fd 2015/05/01 v1.6.1 Font defs for Latin Modern
)
LaTeX Font Info:    Trying to load font information for OMX+lmex on input line 
112.

(d:/SoftWareTools/Office/TeX Live/texlive/2022/texmf-dist/tex/latex/lm/omxlmex.
fd
File: omxlmex.fd 2015/05/01 v1.6.1 Font defs for Latin Modern
)
LaTeX Font Info:    External font `lmex10' loaded for size
(Font)              <12> on input line 112.
LaTeX Font Info:    External font `lmex10' loaded for size
(Font)              <8> on input line 112.
LaTeX Font Info:    External font `lmex10' loaded for size
(Font)              <6> on input line 112.
LaTeX Font Info:    Trying to load font information for U+msa on input line 112
.

(d:/SoftWareTools/Office/TeX Live/texlive/2022/texmf-dist/tex/latex/amsfonts/um
sa.fd
File: umsa.fd 2013/01/14 v3.01 AMS symbols A
)
(d:/SoftWareTools/Office/TeX Live/texlive/2022/texmf-dist/tex/latex/microtype/m
t-msa.cfg
File: mt-msa.cfg 2006/02/04 v1.1 microtype config. file: AMS symbols (a) (RS)
)
LaTeX Font Info:    Trying to load font information for U+msb on input line 112
.

(d:/SoftWareTools/Office/TeX Live/texlive/2022/texmf-dist/tex/latex/amsfonts/um
sb.fd
File: umsb.fd 2013/01/14 v3.01 AMS symbols B
)
(d:/SoftWareTools/Office/TeX Live/texlive/2022/texmf-dist/tex/latex/microtype/m
t-msb.cfg
File: mt-msb.cfg 2005/06/01 v1.0 microtype config. file: AMS symbols (b) (RS)
)
LaTeX Font Info:    Trying to load font information for T1+lmtt on input line 1
18.

(d:/SoftWareTools/Office/TeX Live/texlive/2022/texmf-dist/tex/latex/lm/t1lmtt.f
d
File: t1lmtt.fd 2015/05/01 v1.6.1 Font defs for Latin Modern
)
LaTeX Font Info:    Trying to load font information for TS1+lmtt on input line 
129.

(d:/SoftWareTools/Office/TeX Live/texlive/2022/texmf-dist/tex/latex/lm/ts1lmtt.
fd
File: ts1lmtt.fd 2015/05/01 v1.6.1 Font defs for Latin Modern
)
LaTeX Font Info:    Font shape `T1/lmtt/bx/n' in size <10> not available
(Font)              Font shape `T1/lmtt/b/n' tried instead on input line 186.

LaTeX Font Warning: Font shape `T1/lmtt/bx/it' in size <10> not available
(Font)              Font shape `T1/lmtt/b/sl' tried instead on input line 186.

[1

{d:/SoftWareTools/Office/TeX Live/texlive/2022/texmf-var/fonts/map/pdftex/updma
p/pdftex.map}]
<CustomerSegmentation_files/figure-latex/unnamed-chunk-3-1.pdf, id=25, 469.755p
t x 325.215pt>
File: CustomerSegmentation_files/figure-latex/unnamed-chunk-3-1.pdf Graphic fil
e (type pdf)
<use CustomerSegmentation_files/figure-latex/unnamed-chunk-3-1.pdf>
Package pdftex.def Info: CustomerSegmentation_files/figure-latex/unnamed-chunk-
3-1.pdf  used on input line 275.
(pdftex.def)             Requested size: 469.75386pt x 325.2142pt.

Underfull \hbox (badness 10000) in paragraph at lines 275--278
[][]
 []

[2] [3 <./CustomerSegmentation_files/figure-latex/unnamed-chunk-3-1.pdf>]
<CustomerSegmentation_files/figure-latex/unnamed-chunk-6-1.pdf, id=48, 469.755p
t x 325.215pt>
File: CustomerSegmentation_files/figure-latex/unnamed-chunk-6-1.pdf Graphic fil
e (type pdf)
<use CustomerSegmentation_files/figure-latex/unnamed-chunk-6-1.pdf>
Package pdftex.def Info: CustomerSegmentation_files/figure-latex/unnamed-chunk-
6-1.pdf  used on input line 359.
(pdftex.def)             Requested size: 469.75386pt x 325.2142pt.
[4]
<CustomerSegmentation_files/figure-latex/unnamed-chunk-7-1.pdf, id=55, 469.755p
t x 325.215pt>
File: CustomerSegmentation_files/figure-latex/unnamed-chunk-7-1.pdf Graphic fil
e (type pdf)
<use CustomerSegmentation_files/figure-latex/unnamed-chunk-7-1.pdf>
Package pdftex.def Info: CustomerSegmentation_files/figure-latex/unnamed-chunk-
7-1.pdf  used on input line 373.
(pdftex.def)             Requested size: 469.75386pt x 325.2142pt.
[5 <./CustomerSegmentation_files/figure-latex/unnamed-chunk-6-1.pdf>]
<CustomerSegmentation_files/figure-latex/unnamed-chunk-8-1.pdf, id=66, 469.755p
t x 325.215pt>
File: CustomerSegmentation_files/figure-latex/unnamed-chunk-8-1.pdf Graphic fil
e (type pdf)
<use CustomerSegmentation_files/figure-latex/unnamed-chunk-8-1.pdf>
Package pdftex.def Info: CustomerSegmentation_files/figure-latex/unnamed-chunk-
8-1.pdf  used on input line 404.
(pdftex.def)             Requested size: 469.75386pt x 325.2142pt.
[6 <./CustomerSegmentation_files/figure-latex/unnamed-chunk-7-1.pdf>] [7 <./Cus
tomerSegmentation_files/figure-latex/unnamed-chunk-8-1.pdf>]
<CustomerSegmentation_files/figure-latex/unnamed-chunk-11-1.pdf, id=97, 469.755
pt x 325.215pt>
File: CustomerSegmentation_files/figure-latex/unnamed-chunk-11-1.pdf Graphic fi
le (type pdf)
<use CustomerSegmentation_files/figure-latex/unnamed-chunk-11-1.pdf>
Package pdftex.def Info: CustomerSegmentation_files/figure-latex/unnamed-chunk-
11-1.pdf  used on input line 523.
(pdftex.def)             Requested size: 469.75386pt x 325.2142pt.
[8]
<CustomerSegmentation_files/figure-latex/unnamed-chunk-12-1.pdf, id=108, 469.75
5pt x 325.215pt>
File: CustomerSegmentation_files/figure-latex/unnamed-chunk-12-1.pdf Graphic fi
le (type pdf)
<use CustomerSegmentation_files/figure-latex/unnamed-chunk-12-1.pdf>
Package pdftex.def Info: CustomerSegmentation_files/figure-latex/unnamed-chunk-
12-1.pdf  used on input line 559.
(pdftex.def)             Requested size: 469.75386pt x 325.2142pt.
[9 <./CustomerSegmentation_files/figure-latex/unnamed-chunk-11-1.pdf>] [10 <./C
ustomerSegmentation_files/figure-latex/unnamed-chunk-12-1.pdf>]
<CustomerSegmentation_files/figure-latex/unnamed-chunk-13-1.pdf, id=133, 469.75
5pt x 325.215pt>
File: CustomerSegmentation_files/figure-latex/unnamed-chunk-13-1.pdf Graphic fi
le (type pdf)
<use CustomerSegmentation_files/figure-latex/unnamed-chunk-13-1.pdf>
Package pdftex.def Info: CustomerSegmentation_files/figure-latex/unnamed-chunk-
13-1.pdf  used on input line 614.
(pdftex.def)             Requested size: 469.75386pt x 325.2142pt.
[11 <./CustomerSegmentation_files/figure-latex/unnamed-chunk-13-1.pdf>]
<CustomerSegmentation_files/figure-latex/unnamed-chunk-14-1.pdf, id=149, 469.75
5pt x 325.215pt>
File: CustomerSegmentation_files/figure-latex/unnamed-chunk-14-1.pdf Graphic fi
le (type pdf)
<use CustomerSegmentation_files/figure-latex/unnamed-chunk-14-1.pdf>
Package pdftex.def Info: CustomerSegmentation_files/figure-latex/unnamed-chunk-
14-1.pdf  used on input line 645.
(pdftex.def)             Requested size: 469.75386pt x 325.2142pt.
<CustomerSegmentation_files/figure-latex/unnamed-chunk-14-2.pdf, id=150, 469.75
5pt x 325.215pt>
File: CustomerSegmentation_files/figure-latex/unnamed-chunk-14-2.pdf Graphic fi
le (type pdf)
<use CustomerSegmentation_files/figure-latex/unnamed-chunk-14-2.pdf>
Package pdftex.def Info: CustomerSegmentation_files/figure-latex/unnamed-chunk-
14-2.pdf  used on input line 659.
(pdftex.def)             Requested size: 469.75386pt x 325.2142pt.
[12 <./CustomerSegmentation_files/figure-latex/unnamed-chunk-14-1.pdf>]
<CustomerSegmentation_files/figure-latex/unnamed-chunk-15-1.pdf, id=161, 469.75
5pt x 325.215pt>
File: CustomerSegmentation_files/figure-latex/unnamed-chunk-15-1.pdf Graphic fi
le (type pdf)
<use CustomerSegmentation_files/figure-latex/unnamed-chunk-15-1.pdf>
Package pdftex.def Info: CustomerSegmentation_files/figure-latex/unnamed-chunk-
15-1.pdf  used on input line 692.
(pdftex.def)             Requested size: 469.75386pt x 325.2142pt.
[13 <./CustomerSegmentation_files/figure-latex/unnamed-chunk-14-2.pdf>]
<CustomerSegmentation_files/figure-latex/unnamed-chunk-15-2.pdf, id=175, 469.75
5pt x 325.215pt>
File: CustomerSegmentation_files/figure-latex/unnamed-chunk-15-2.pdf Graphic fi
le (type pdf)
<use CustomerSegmentation_files/figure-latex/unnamed-chunk-15-2.pdf>
Package pdftex.def Info: CustomerSegmentation_files/figure-latex/unnamed-chunk-
15-2.pdf  used on input line 701.
(pdftex.def)             Requested size: 469.75386pt x 325.2142pt.
[14 <./CustomerSegmentation_files/figure-latex/unnamed-chunk-15-1.pdf>]
<CustomerSegmentation_files/figure-latex/unnamed-chunk-16-1.pdf, id=186, 469.75
5pt x 325.215pt>
File: CustomerSegmentation_files/figure-latex/unnamed-chunk-16-1.pdf Graphic fi
le (type pdf)
<use CustomerSegmentation_files/figure-latex/unnamed-chunk-16-1.pdf>
Package pdftex.def Info: CustomerSegmentation_files/figure-latex/unnamed-chunk-
16-1.pdf  used on input line 735.
(pdftex.def)             Requested size: 469.75386pt x 325.2142pt.
[15 <./CustomerSegmentation_files/figure-latex/unnamed-chunk-15-2.pdf>]
<CustomerSegmentation_files/figure-latex/unnamed-chunk-16-2.pdf, id=199, 469.75
5pt x 325.215pt>
File: CustomerSegmentation_files/figure-latex/unnamed-chunk-16-2.pdf Graphic fi
le (type pdf)
<use CustomerSegmentation_files/figure-latex/unnamed-chunk-16-2.pdf>
Package pdftex.def Info: CustomerSegmentation_files/figure-latex/unnamed-chunk-
16-2.pdf  used on input line 751.
(pdftex.def)             Requested size: 469.75386pt x 325.2142pt.
[16 <./CustomerSegmentation_files/figure-latex/unnamed-chunk-16-1.pdf>]
<CustomerSegmentation_files/figure-latex/unnamed-chunk-17-1.pdf, id=210, 469.75
5pt x 325.215pt>
File: CustomerSegmentation_files/figure-latex/unnamed-chunk-17-1.pdf Graphic fi
le (type pdf)
<use CustomerSegmentation_files/figure-latex/unnamed-chunk-17-1.pdf>
Package pdftex.def Info: CustomerSegmentation_files/figure-latex/unnamed-chunk-
17-1.pdf  used on input line 782.
(pdftex.def)             Requested size: 469.75386pt x 325.2142pt.
[17 <./CustomerSegmentation_files/figure-latex/unnamed-chunk-16-2.pdf>]
<CustomerSegmentation_files/figure-latex/unnamed-chunk-17-2.pdf, id=223, 469.75
5pt x 325.215pt>
File: CustomerSegmentation_files/figure-latex/unnamed-chunk-17-2.pdf Graphic fi
le (type pdf)
<use CustomerSegmentation_files/figure-latex/unnamed-chunk-17-2.pdf>
Package pdftex.def Info: CustomerSegmentation_files/figure-latex/unnamed-chunk-
17-2.pdf  used on input line 795.
(pdftex.def)             Requested size: 469.75386pt x 325.2142pt.
[18 <./CustomerSegmentation_files/figure-latex/unnamed-chunk-17-1.pdf>]
<CustomerSegmentation_files/figure-latex/unnamed-chunk-18-1.pdf, id=234, 469.75
5pt x 325.215pt>
File: CustomerSegmentation_files/figure-latex/unnamed-chunk-18-1.pdf Graphic fi
le (type pdf)
<use CustomerSegmentation_files/figure-latex/unnamed-chunk-18-1.pdf>
Package pdftex.def Info: CustomerSegmentation_files/figure-latex/unnamed-chunk-
18-1.pdf  used on input line 824.
(pdftex.def)             Requested size: 469.75386pt x 325.2142pt.
[19 <./CustomerSegmentation_files/figure-latex/unnamed-chunk-17-2.pdf>]
<CustomerSegmentation_files/figure-latex/unnamed-chunk-19-1.pdf, id=250, 469.75
5pt x 325.215pt>
File: CustomerSegmentation_files/figure-latex/unnamed-chunk-19-1.pdf Graphic fi
le (type pdf)
<use CustomerSegmentation_files/figure-latex/unnamed-chunk-19-1.pdf>
Package pdftex.def Info: CustomerSegmentation_files/figure-latex/unnamed-chunk-
19-1.pdf  used on input line 878.
(pdftex.def)             Requested size: 469.75386pt x 325.2142pt.

Underfull \hbox (badness 10000) in paragraph at lines 878--881
[][]
 []

[20 <./CustomerSegmentation_files/figure-latex/unnamed-chunk-18-1.pdf>]
<CustomerSegmentation_files/figure-latex/unnamed-chunk-20-1.pdf, id=264, 469.75
5pt x 325.215pt>
File: CustomerSegmentation_files/figure-latex/unnamed-chunk-20-1.pdf Graphic fi
le (type pdf)
<use CustomerSegmentation_files/figure-latex/unnamed-chunk-20-1.pdf>
Package pdftex.def Info: CustomerSegmentation_files/figure-latex/unnamed-chunk-
20-1.pdf  used on input line 902.
(pdftex.def)             Requested size: 469.75386pt x 325.2142pt.
[21 <./CustomerSegmentation_files/figure-latex/unnamed-chunk-19-1.pdf>] [22 <./
CustomerSegmentation_files/figure-latex/unnamed-chunk-20-1.pdf>]
<CustomerSegmentation_files/figure-latex/unnamed-chunk-21-1.pdf, id=290, 469.75
5pt x 325.215pt>
File: CustomerSegmentation_files/figure-latex/unnamed-chunk-21-1.pdf Graphic fi
le (type pdf)
<use CustomerSegmentation_files/figure-latex/unnamed-chunk-21-1.pdf>
Package pdftex.def Info: CustomerSegmentation_files/figure-latex/unnamed-chunk-
21-1.pdf  used on input line 955.
(pdftex.def)             Requested size: 469.75386pt x 325.2142pt.
[23 <./CustomerSegmentation_files/figure-latex/unnamed-chunk-21-1.pdf>]
<CustomerSegmentation_files/figure-latex/unnamed-chunk-22-1.pdf, id=306, 469.75
5pt x 325.215pt>
File: CustomerSegmentation_files/figure-latex/unnamed-chunk-22-1.pdf Graphic fi
le (type pdf)
<use CustomerSegmentation_files/figure-latex/unnamed-chunk-22-1.pdf>
Package pdftex.def Info: CustomerSegmentation_files/figure-latex/unnamed-chunk-
22-1.pdf  used on input line 1048.
(pdftex.def)             Requested size: 469.75386pt x 325.2142pt.

Overfull \vbox (2.09262pt too high) detected at line 1060
 []

[24 <./CustomerSegmentation_files/figure-latex/unnamed-chunk-22-1.pdf>]
<CustomerSegmentation_files/figure-latex/unnamed-chunk-22-2.pdf, id=319, 469.75
5pt x 325.215pt>
File: CustomerSegmentation_files/figure-latex/unnamed-chunk-22-2.pdf Graphic fi
le (type pdf)
<use CustomerSegmentation_files/figure-latex/unnamed-chunk-22-2.pdf>
Package pdftex.def Info: CustomerSegmentation_files/figure-latex/unnamed-chunk-
22-2.pdf  used on input line 1062.
(pdftex.def)             Requested size: 469.75386pt x 325.2142pt.
<CustomerSegmentation_files/figure-latex/unnamed-chunk-23-1.pdf, id=320, 469.75
5pt x 325.215pt>
File: CustomerSegmentation_files/figure-latex/unnamed-chunk-23-1.pdf Graphic fi
le (type pdf)
<use CustomerSegmentation_files/figure-latex/unnamed-chunk-23-1.pdf>
Package pdftex.def Info: CustomerSegmentation_files/figure-latex/unnamed-chunk-
23-1.pdf  used on input line 1087.
(pdftex.def)             Requested size: 469.75386pt x 325.2142pt.
[25 <./CustomerSegmentation_files/figure-latex/unnamed-chunk-22-2.pdf>]
<CustomerSegmentation_files/figure-latex/unnamed-chunk-23-2.pdf, id=334, 469.75
5pt x 325.215pt>
File: CustomerSegmentation_files/figure-latex/unnamed-chunk-23-2.pdf Graphic fi
le (type pdf)
<use CustomerSegmentation_files/figure-latex/unnamed-chunk-23-2.pdf>
Package pdftex.def Info: CustomerSegmentation_files/figure-latex/unnamed-chunk-
23-2.pdf  used on input line 1100.
(pdftex.def)             Requested size: 469.75386pt x 325.2142pt.
[26 <./CustomerSegmentation_files/figure-latex/unnamed-chunk-23-1.pdf>]
<CustomerSegmentation_files/figure-latex/unnamed-chunk-24-1.pdf, id=345, 469.75
5pt x 325.215pt>
File: CustomerSegmentation_files/figure-latex/unnamed-chunk-24-1.pdf Graphic fi
le (type pdf)
<use CustomerSegmentation_files/figure-latex/unnamed-chunk-24-1.pdf>
Package pdftex.def Info: CustomerSegmentation_files/figure-latex/unnamed-chunk-
24-1.pdf  used on input line 1133.
(pdftex.def)             Requested size: 469.75386pt x 325.2142pt.
[27 <./CustomerSegmentation_files/figure-latex/unnamed-chunk-23-2.pdf>] [28 <./
CustomerSegmentation_files/figure-latex/unnamed-chunk-24-1.pdf>] (./CustomerSeg
mentation.aux) ) 
Here is how much of TeX's memory you used:
 14080 strings out of 478300
 236264 string characters out of 5834119
 558054 words of memory out of 5000000
 31841 multiletter control sequences out of 15000+600000
 508108 words of font info for 100 fonts, out of 8000000 for 9000
 1141 hyphenation exceptions out of 8191
 74i,6n,81p,1017b,372s stack positions out of 10000i,1000n,20000p,200000b,200000s
{d:/SoftWareTools/Office/TeX Live/texlive/2022/texmf-dist/fonts
/enc/dvips/lm/lm-ec.enc}{d:/SoftWareTools/Office/TeX Live/texlive/2022/texmf-di
st/fonts/enc/dvips/lm/lm-ts1.enc}<d:/SoftWareTools/Office/TeX Live/texlive/2022
/texmf-dist/fonts/type1/public/lm/lmbx10.pfb><d:/SoftWareTools/Office/TeX Live/
texlive/2022/texmf-dist/fonts/type1/public/lm/lmbx12.pfb><d:/SoftWareTools/Offi
ce/TeX Live/texlive/2022/texmf-dist/fonts/type1/public/lm/lmr10.pfb><d:/SoftWar
eTools/Office/TeX Live/texlive/2022/texmf-dist/fonts/type1/public/lm/lmr12.pfb>
<d:/SoftWareTools/Office/TeX Live/texlive/2022/texmf-dist/fonts/type1/public/lm
/lmr17.pfb><d:/SoftWareTools/Office/TeX Live/texlive/2022/texmf-dist/fonts/type
1/public/lm/lmtko10.pfb><d:/SoftWareTools/Office/TeX Live/texlive/2022/texmf-di
st/fonts/type1/public/lm/lmtt10.pfb><d:/SoftWareTools/Office/TeX Live/texlive/2
022/texmf-dist/fonts/type1/public/lm/lmtti10.pfb>
Output written on CustomerSegmentation.pdf (28 pages, 565385 bytes).
PDF statistics:
 528 PDF objects out of 1000 (max. 8388607)
 427 compressed objects within 5 object streams
 94 named destinations out of 1000 (max. 500000)
 20849 words of extra memory for PDF output out of 24883 (max. 10000000)

